2026-02-10 10:18:01,885 [INFO] WebApp:194 - Connection lost
2026-02-10 10:18:02,723 [ERROR] LogOutputStream:75 - [STDERR_REDIRECT] [Fatal Error] :1:1: Premature end of file.
2026-02-10 10:18:02,723 [ERROR] LogOutputStream:75 - [STDERR_REDIRECT] 
2026-02-10 10:18:03,085 [ERROR] LogOutputStream:75 - [STDERR_REDIRECT] [Fatal Error] :1:1: Premature end of file.
2026-02-10 10:18:03,085 [ERROR] LogOutputStream:75 - [STDERR_REDIRECT] 
2026-02-10 10:18:03,718 [ERROR] LogOutputStream:75 - [STDERR_REDIRECT] [Fatal Error] :1:1: Premature end of file.
2026-02-10 10:18:03,718 [ERROR] LogOutputStream:75 - [STDERR_REDIRECT] 
2026-02-10 10:18:04,344 [ERROR] LogOutputStream:75 - [STDERR_REDIRECT] [Fatal Error] :1:1: Premature end of file.
2026-02-10 10:18:04,344 [ERROR] LogOutputStream:75 - [STDERR_REDIRECT] 
2026-02-10 10:18:04,821 [ERROR] LogOutputStream:75 - [STDERR_REDIRECT] [Fatal Error] :1:1: Premature end of file.
2026-02-10 10:18:04,823 [ERROR] LogOutputStream:75 - [STDERR_REDIRECT] 
2026-02-10 10:18:05,117 [ERROR] LogOutputStream:75 - [STDERR_REDIRECT] [Fatal Error] :1:1: Premature end of file.
2026-02-10 10:18:05,117 [ERROR] LogOutputStream:75 - [STDERR_REDIRECT] 
2026-02-10 10:18:05,383 [ERROR] LogOutputStream:75 - [STDERR_REDIRECT] [Fatal Error] :1:1: Premature end of file.
2026-02-10 10:18:05,383 [ERROR] LogOutputStream:75 - [STDERR_REDIRECT] 
2026-02-10 10:18:05,675 [ERROR] LogOutputStream:75 - [STDERR_REDIRECT] [Fatal Error] :1:1: Premature end of file.
2026-02-10 10:18:05,675 [ERROR] LogOutputStream:75 - [STDERR_REDIRECT] 
2026-02-10 10:18:05,906 [ERROR] LogOutputStream:75 - [STDERR_REDIRECT] [Fatal Error] :1:1: Premature end of file.
2026-02-10 10:18:05,906 [ERROR] LogOutputStream:75 - [STDERR_REDIRECT] 
2026-02-10 10:18:06,173 [ERROR] LogOutputStream:75 - [STDERR_REDIRECT] [Fatal Error] :1:1: Premature end of file.
2026-02-10 10:18:06,173 [ERROR] LogOutputStream:75 - [STDERR_REDIRECT] 
2026-02-10 10:18:06,419 [ERROR] LogOutputStream:75 - [STDERR_REDIRECT] [Fatal Error] :1:1: Premature end of file.
2026-02-10 10:18:06,419 [ERROR] LogOutputStream:75 - [STDERR_REDIRECT] 
2026-02-10 10:18:06,705 [ERROR] LogOutputStream:75 - [STDERR_REDIRECT] [Fatal Error] :1:1: Premature end of file.
2026-02-10 10:18:06,705 [ERROR] LogOutputStream:75 - [STDERR_REDIRECT] 
2026-02-10 10:18:06,985 [ERROR] LogOutputStream:75 - [STDERR_REDIRECT] [Fatal Error] :1:1: Premature end of file.
2026-02-10 10:18:06,985 [ERROR] LogOutputStream:75 - [STDERR_REDIRECT] 
2026-02-10 10:18:07,268 [ERROR] LogOutputStream:75 - [STDERR_REDIRECT] [Fatal Error] :1:1: Premature end of file.
2026-02-10 10:18:07,268 [ERROR] LogOutputStream:75 - [STDERR_REDIRECT] 
2026-02-10 10:18:07,679 [ERROR] LogOutputStream:75 - [STDERR_REDIRECT] [Fatal Error] :1:1: Premature end of file.
2026-02-10 10:18:07,679 [ERROR] LogOutputStream:75 - [STDERR_REDIRECT] 
2026-02-10 10:18:07,928 [ERROR] LogOutputStream:75 - [STDERR_REDIRECT] [Fatal Error] :1:1: Premature end of file.
2026-02-10 10:18:07,928 [ERROR] LogOutputStream:75 - [STDERR_REDIRECT] 
2026-02-10 10:18:08,162 [ERROR] LogOutputStream:75 - [STDERR_REDIRECT] [Fatal Error] :1:1: Premature end of file.
2026-02-10 10:18:08,162 [ERROR] LogOutputStream:75 - [STDERR_REDIRECT] 
2026-02-10 10:18:08,393 [ERROR] LogOutputStream:75 - [STDERR_REDIRECT] [Fatal Error] :1:1: Premature end of file.
2026-02-10 10:18:08,393 [ERROR] LogOutputStream:75 - [STDERR_REDIRECT] 
2026-02-10 10:18:08,686 [ERROR] LogOutputStream:75 - [STDERR_REDIRECT] [Fatal Error] :1:1: Premature end of file.
2026-02-10 10:18:08,686 [ERROR] LogOutputStream:75 - [STDERR_REDIRECT] 
2026-02-10 10:18:08,902 [ERROR] LogOutputStream:75 - [STDERR_REDIRECT] [Fatal Error] :1:1: Premature end of file.
2026-02-10 10:18:08,902 [ERROR] LogOutputStream:75 - [STDERR_REDIRECT] 
2026-02-10 10:18:09,109 [ERROR] LogOutputStream:75 - [STDERR_REDIRECT] [Fatal Error] :1:1: Premature end of file.
2026-02-10 10:18:09,109 [ERROR] LogOutputStream:75 - [STDERR_REDIRECT] 
2026-02-10 10:18:09,325 [ERROR] LogOutputStream:75 - [STDERR_REDIRECT] [Fatal Error] :1:1: Premature end of file.
2026-02-10 10:18:09,325 [ERROR] LogOutputStream:75 - [STDERR_REDIRECT] 
2026-02-10 10:18:09,593 [ERROR] LogOutputStream:75 - [STDERR_REDIRECT] [Fatal Error] :1:1: Premature end of file.
2026-02-10 10:18:09,593 [ERROR] LogOutputStream:75 - [STDERR_REDIRECT] 
2026-02-10 10:18:09,836 [ERROR] LogOutputStream:75 - [STDERR_REDIRECT] [Fatal Error] :1:1: Premature end of file.
2026-02-10 10:18:09,836 [ERROR] LogOutputStream:75 - [STDERR_REDIRECT] 
2026-02-10 10:18:10,038 [ERROR] LogOutputStream:75 - [STDERR_REDIRECT] [Fatal Error] :1:1: Premature end of file.
2026-02-10 10:18:10,038 [ERROR] LogOutputStream:75 - [STDERR_REDIRECT] 
2026-02-10 10:18:10,251 [ERROR] LogOutputStream:75 - [STDERR_REDIRECT] [Fatal Error] :1:1: Premature end of file.
2026-02-10 10:18:10,251 [ERROR] LogOutputStream:75 - [STDERR_REDIRECT] 
2026-02-10 10:18:10,459 [ERROR] LogOutputStream:75 - [STDERR_REDIRECT] [Fatal Error] :1:1: Premature end of file.
2026-02-10 10:18:10,459 [ERROR] LogOutputStream:75 - [STDERR_REDIRECT] 
2026-02-10 10:18:10,699 [ERROR] LogOutputStream:75 - [STDERR_REDIRECT] [Fatal Error] :1:1: Premature end of file.
2026-02-10 10:18:10,699 [ERROR] LogOutputStream:75 - [STDERR_REDIRECT] 
2026-02-10 10:18:10,902 [ERROR] LogOutputStream:75 - [STDERR_REDIRECT] [Fatal Error] :1:1: Premature end of file.
2026-02-10 10:18:10,902 [ERROR] LogOutputStream:75 - [STDERR_REDIRECT] 
2026-02-10 10:18:11,092 [ERROR] LogOutputStream:75 - [STDERR_REDIRECT] [Fatal Error] :1:1: Premature end of file.
2026-02-10 10:18:11,092 [ERROR] LogOutputStream:75 - [STDERR_REDIRECT] 
2026-02-10 10:18:11,284 [ERROR] LogOutputStream:75 - [STDERR_REDIRECT] [Fatal Error] :1:1: Premature end of file.
2026-02-10 10:18:11,284 [ERROR] LogOutputStream:75 - [STDERR_REDIRECT] 
2026-02-10 10:18:11,503 [ERROR] LogOutputStream:75 - [STDERR_REDIRECT] [Fatal Error] :1:1: Premature end of file.
2026-02-10 10:18:11,503 [ERROR] LogOutputStream:75 - [STDERR_REDIRECT] 
2026-02-10 10:18:11,701 [ERROR] LogOutputStream:75 - [STDERR_REDIRECT] [Fatal Error] :1:1: Premature end of file.
2026-02-10 10:18:11,701 [ERROR] LogOutputStream:75 - [STDERR_REDIRECT] 
2026-02-10 10:18:11,911 [ERROR] LogOutputStream:75 - [STDERR_REDIRECT] [Fatal Error] :1:1: Premature end of file.
2026-02-10 10:18:11,911 [ERROR] LogOutputStream:75 - [STDERR_REDIRECT] 
2026-02-10 10:18:12,093 [ERROR] LogOutputStream:75 - [STDERR_REDIRECT] [Fatal Error] :1:1: Premature end of file.
2026-02-10 10:18:12,093 [ERROR] LogOutputStream:75 - [STDERR_REDIRECT] 
2026-02-10 10:18:12,296 [ERROR] LogOutputStream:75 - [STDERR_REDIRECT] [Fatal Error] :1:1: Premature end of file.
2026-02-10 10:18:12,296 [ERROR] LogOutputStream:75 - [STDERR_REDIRECT] 
2026-02-10 10:18:12,505 [ERROR] LogOutputStream:75 - [STDERR_REDIRECT] [Fatal Error] :1:1: Premature end of file.
2026-02-10 10:18:12,505 [ERROR] LogOutputStream:75 - [STDERR_REDIRECT] 
2026-02-10 10:18:12,823 [ERROR] LogOutputStream:75 - [STDERR_REDIRECT] [Fatal Error] :1:1: Premature end of file.
2026-02-10 10:18:12,823 [ERROR] LogOutputStream:75 - [STDERR_REDIRECT] 
2026-02-10 10:18:13,034 [ERROR] LogOutputStream:75 - [STDERR_REDIRECT] [Fatal Error] :1:1: Premature end of file.
2026-02-10 10:18:13,034 [ERROR] LogOutputStream:75 - [STDERR_REDIRECT] 
2026-02-10 10:18:13,241 [ERROR] LogOutputStream:75 - [STDERR_REDIRECT] [Fatal Error] :1:1: Premature end of file.
2026-02-10 10:18:13,241 [ERROR] LogOutputStream:75 - [STDERR_REDIRECT] 
2026-02-10 10:18:13,442 [ERROR] LogOutputStream:75 - [STDERR_REDIRECT] [Fatal Error] :1:1: Premature end of file.
2026-02-10 10:18:13,442 [ERROR] LogOutputStream:75 - [STDERR_REDIRECT] 
2026-02-10 10:18:13,683 [ERROR] LogOutputStream:75 - [STDERR_REDIRECT] [Fatal Error] :1:1: Premature end of file.
2026-02-10 10:18:13,683 [ERROR] LogOutputStream:75 - [STDERR_REDIRECT] 
2026-02-10 10:18:13,880 [ERROR] LogOutputStream:75 - [STDERR_REDIRECT] [Fatal Error] :1:1: Premature end of file.
2026-02-10 10:18:13,880 [ERROR] LogOutputStream:75 - [STDERR_REDIRECT] 
2026-02-10 10:18:14,079 [ERROR] LogOutputStream:75 - [STDERR_REDIRECT] [Fatal Error] :1:1: Premature end of file.
2026-02-10 10:18:14,079 [ERROR] LogOutputStream:75 - [STDERR_REDIRECT] 
2026-02-10 10:18:14,267 [ERROR] LogOutputStream:75 - [STDERR_REDIRECT] [Fatal Error] :1:1: Premature end of file.
2026-02-10 10:18:14,268 [ERROR] LogOutputStream:75 - [STDERR_REDIRECT] 
2026-02-10 10:18:14,462 [ERROR] LogOutputStream:75 - [STDERR_REDIRECT] [Fatal Error] :1:1: Premature end of file.
2026-02-10 10:18:14,462 [ERROR] LogOutputStream:75 - [STDERR_REDIRECT] 
2026-02-10 10:18:14,665 [ERROR] LogOutputStream:75 - [STDERR_REDIRECT] [Fatal Error] :1:1: Premature end of file.
2026-02-10 10:18:14,665 [ERROR] LogOutputStream:75 - [STDERR_REDIRECT] 
2026-02-10 10:18:14,861 [ERROR] LogOutputStream:75 - [STDERR_REDIRECT] [Fatal Error] :1:1: Premature end of file.
2026-02-10 10:18:14,861 [ERROR] LogOutputStream:75 - [STDERR_REDIRECT] 
2026-02-10 10:18:15,057 [ERROR] LogOutputStream:75 - [STDERR_REDIRECT] [Fatal Error] :1:1: Premature end of file.
2026-02-10 10:18:15,059 [ERROR] LogOutputStream:75 - [STDERR_REDIRECT] 
2026-02-10 10:18:15,247 [ERROR] LogOutputStream:75 - [STDERR_REDIRECT] [Fatal Error] :1:1: Premature end of file.
2026-02-10 10:18:15,247 [ERROR] LogOutputStream:75 - [STDERR_REDIRECT] 
2026-02-10 10:18:15,437 [ERROR] LogOutputStream:75 - [STDERR_REDIRECT] [Fatal Error] :1:1: Premature end of file.
2026-02-10 10:18:15,437 [ERROR] LogOutputStream:75 - [STDERR_REDIRECT] 
2026-02-10 10:18:15,634 [ERROR] LogOutputStream:75 - [STDERR_REDIRECT] [Fatal Error] :1:1: Premature end of file.
2026-02-10 10:18:15,636 [ERROR] LogOutputStream:75 - [STDERR_REDIRECT] 
2026-02-10 10:18:15,837 [ERROR] LogOutputStream:75 - [STDERR_REDIRECT] [Fatal Error] :1:1: Premature end of file.
2026-02-10 10:18:15,838 [ERROR] LogOutputStream:75 - [STDERR_REDIRECT] 
2026-02-10 10:18:16,031 [ERROR] LogOutputStream:75 - [STDERR_REDIRECT] [Fatal Error] :1:1: Premature end of file.
2026-02-10 10:18:16,032 [ERROR] LogOutputStream:75 - [STDERR_REDIRECT] 
2026-02-10 10:18:16,229 [ERROR] LogOutputStream:75 - [STDERR_REDIRECT] [Fatal Error] :1:1: Premature end of file.
2026-02-10 10:18:16,229 [ERROR] LogOutputStream:75 - [STDERR_REDIRECT] 
2026-02-10 10:18:16,430 [ERROR] LogOutputStream:75 - [STDERR_REDIRECT] [Fatal Error] :1:1: Premature end of file.
2026-02-10 10:18:16,430 [ERROR] LogOutputStream:75 - [STDERR_REDIRECT] 
2026-02-10 10:18:16,643 [ERROR] LogOutputStream:75 - [STDERR_REDIRECT] [Fatal Error] :1:1: Premature end of file.
2026-02-10 10:18:16,643 [ERROR] LogOutputStream:75 - [STDERR_REDIRECT] 
2026-02-10 10:18:16,827 [ERROR] LogOutputStream:75 - [STDERR_REDIRECT] [Fatal Error] :1:1: Premature end of file.
2026-02-10 10:18:16,827 [ERROR] LogOutputStream:75 - [STDERR_REDIRECT] 
2026-02-10 10:18:17,000 [ERROR] LogOutputStream:75 - [STDERR_REDIRECT] [Fatal Error] :1:1: Premature end of file.
2026-02-10 10:18:17,000 [ERROR] LogOutputStream:75 - [STDERR_REDIRECT] 
2026-02-10 10:18:17,170 [ERROR] LogOutputStream:75 - [STDERR_REDIRECT] [Fatal Error] :1:1: Premature end of file.
2026-02-10 10:18:17,170 [ERROR] LogOutputStream:75 - [STDERR_REDIRECT] 
2026-02-10 10:18:17,357 [ERROR] LogOutputStream:75 - [STDERR_REDIRECT] [Fatal Error] :1:1: Premature end of file.
2026-02-10 10:18:17,357 [ERROR] LogOutputStream:75 - [STDERR_REDIRECT] 
2026-02-10 10:18:17,535 [ERROR] LogOutputStream:75 - [STDERR_REDIRECT] [Fatal Error] :1:1: Premature end of file.
2026-02-10 10:18:17,535 [ERROR] LogOutputStream:75 - [STDERR_REDIRECT] 
2026-02-10 10:18:17,727 [ERROR] LogOutputStream:75 - [STDERR_REDIRECT] [Fatal Error] :1:1: Premature end of file.
2026-02-10 10:18:17,727 [ERROR] LogOutputStream:75 - [STDERR_REDIRECT] 
2026-02-10 10:18:17,921 [ERROR] LogOutputStream:75 - [STDERR_REDIRECT] [Fatal Error] :1:1: Premature end of file.
2026-02-10 10:18:17,921 [ERROR] LogOutputStream:75 - [STDERR_REDIRECT] 
2026-02-10 10:18:18,103 [ERROR] LogOutputStream:75 - [STDERR_REDIRECT] [Fatal Error] :1:1: Premature end of file.
2026-02-10 10:18:18,103 [ERROR] LogOutputStream:75 - [STDERR_REDIRECT] 
2026-02-10 10:18:18,291 [ERROR] LogOutputStream:75 - [STDERR_REDIRECT] [Fatal Error] :1:1: Premature end of file.
2026-02-10 10:18:18,291 [ERROR] LogOutputStream:75 - [STDERR_REDIRECT] 
2026-02-10 10:18:18,463 [ERROR] LogOutputStream:75 - [STDERR_REDIRECT] [Fatal Error] :1:1: Premature end of file.
2026-02-10 10:18:18,463 [ERROR] LogOutputStream:75 - [STDERR_REDIRECT] 
2026-02-10 10:18:18,681 [ERROR] LogOutputStream:75 - [STDERR_REDIRECT] [Fatal Error] :1:1: Premature end of file.
2026-02-10 10:18:18,681 [ERROR] LogOutputStream:75 - [STDERR_REDIRECT] 
2026-02-10 10:18:18,906 [ERROR] LogOutputStream:75 - [STDERR_REDIRECT] [Fatal Error] :1:1: Premature end of file.
2026-02-10 10:18:18,906 [ERROR] LogOutputStream:75 - [STDERR_REDIRECT] 
2026-02-10 10:18:19,700 [ERROR] LogOutputStream:75 - [STDERR_REDIRECT] [Fatal Error] :1:1: Premature end of file.
2026-02-10 10:18:19,700 [ERROR] LogOutputStream:75 - [STDERR_REDIRECT] 
2026-02-10 10:18:19,928 [ERROR] LogOutputStream:75 - [STDERR_REDIRECT] [Fatal Error] :1:1: Premature end of file.
2026-02-10 10:18:19,928 [ERROR] LogOutputStream:75 - [STDERR_REDIRECT] 
2026-02-10 10:18:20,133 [ERROR] LogOutputStream:75 - [STDERR_REDIRECT] [Fatal Error] :1:1: Premature end of file.
2026-02-10 10:18:20,133 [ERROR] LogOutputStream:75 - [STDERR_REDIRECT] 
2026-02-10 10:18:20,361 [ERROR] LogOutputStream:75 - [STDERR_REDIRECT] [Fatal Error] :1:1: Premature end of file.
2026-02-10 10:18:20,361 [ERROR] LogOutputStream:75 - [STDERR_REDIRECT] 
2026-02-10 10:18:20,557 [ERROR] LogOutputStream:75 - [STDERR_REDIRECT] [Fatal Error] :1:1: Premature end of file.
2026-02-10 10:18:20,557 [ERROR] LogOutputStream:75 - [STDERR_REDIRECT] 
2026-02-10 10:18:20,792 [ERROR] LogOutputStream:75 - [STDERR_REDIRECT] [Fatal Error] :1:1: Premature end of file.
2026-02-10 10:18:20,793 [ERROR] LogOutputStream:75 - [STDERR_REDIRECT] 
2026-02-10 10:18:20,988 [ERROR] LogOutputStream:75 - [STDERR_REDIRECT] [Fatal Error] :1:1: Premature end of file.
2026-02-10 10:18:20,988 [ERROR] LogOutputStream:75 - [STDERR_REDIRECT] 
2026-02-10 10:18:21,193 [ERROR] LogOutputStream:75 - [STDERR_REDIRECT] [Fatal Error] :1:1: Premature end of file.
2026-02-10 10:18:21,194 [ERROR] LogOutputStream:75 - [STDERR_REDIRECT] 
2026-02-10 10:18:21,379 [ERROR] LogOutputStream:75 - [STDERR_REDIRECT] [Fatal Error] :1:1: Premature end of file.
2026-02-10 10:18:21,379 [ERROR] LogOutputStream:75 - [STDERR_REDIRECT] 
2026-02-10 10:18:21,584 [ERROR] LogOutputStream:75 - [STDERR_REDIRECT] [Fatal Error] :1:1: Premature end of file.
2026-02-10 10:18:21,584 [ERROR] LogOutputStream:75 - [STDERR_REDIRECT] 
2026-02-10 10:18:21,842 [ERROR] LogOutputStream:75 - [STDERR_REDIRECT] [Fatal Error] :1:1: Premature end of file.
2026-02-10 10:18:21,842 [ERROR] LogOutputStream:75 - [STDERR_REDIRECT] 
2026-02-10 10:18:22,049 [ERROR] LogOutputStream:75 - [STDERR_REDIRECT] [Fatal Error] :1:1: Premature end of file.
2026-02-10 10:18:22,049 [ERROR] LogOutputStream:75 - [STDERR_REDIRECT] 
2026-02-10 10:18:22,273 [ERROR] LogOutputStream:75 - [STDERR_REDIRECT] [Fatal Error] :1:1: Premature end of file.
2026-02-10 10:18:22,273 [ERROR] LogOutputStream:75 - [STDERR_REDIRECT] 
2026-02-10 10:18:22,591 [ERROR] LogOutputStream:75 - [STDERR_REDIRECT] [Fatal Error] :1:1: Premature end of file.
2026-02-10 10:18:22,592 [ERROR] LogOutputStream:75 - [STDERR_REDIRECT] 
2026-02-10 10:18:22,911 [ERROR] LogOutputStream:75 - [STDERR_REDIRECT] [Fatal Error] :1:1: Premature end of file.
2026-02-10 10:18:22,911 [ERROR] LogOutputStream:75 - [STDERR_REDIRECT] 
2026-02-10 10:18:23,206 [ERROR] LogOutputStream:75 - [STDERR_REDIRECT] [Fatal Error] :1:1: Premature end of file.
2026-02-10 10:18:23,206 [ERROR] LogOutputStream:75 - [STDERR_REDIRECT] 
2026-02-10 10:18:23,426 [ERROR] LogOutputStream:75 - [STDERR_REDIRECT] [Fatal Error] :1:1: Premature end of file.
2026-02-10 10:18:23,426 [ERROR] LogOutputStream:75 - [STDERR_REDIRECT] 
2026-02-10 10:18:23,862 [ERROR] LogOutputStream:75 - [STDERR_REDIRECT] [Fatal Error] :1:1: Premature end of file.
2026-02-10 10:18:23,862 [ERROR] LogOutputStream:75 - [STDERR_REDIRECT] 
2026-02-10 10:18:24,141 [ERROR] LogOutputStream:75 - [STDERR_REDIRECT] [Fatal Error] :1:1: Premature end of file.
2026-02-10 10:18:24,142 [ERROR] LogOutputStream:75 - [STDERR_REDIRECT] 
2026-02-10 10:18:24,347 [ERROR] LogOutputStream:75 - [STDERR_REDIRECT] [Fatal Error] :1:1: Premature end of file.
2026-02-10 10:18:24,348 [ERROR] LogOutputStream:75 - [STDERR_REDIRECT] 
2026-02-10 10:18:24,566 [ERROR] LogOutputStream:75 - [STDERR_REDIRECT] [Fatal Error] :1:1: Premature end of file.
2026-02-10 10:18:24,566 [ERROR] LogOutputStream:75 - [STDERR_REDIRECT] 
2026-02-10 10:18:24,795 [ERROR] LogOutputStream:75 - [STDERR_REDIRECT] [Fatal Error] :1:1: Premature end of file.
2026-02-10 10:18:24,796 [ERROR] LogOutputStream:75 - [STDERR_REDIRECT] 
2026-02-10 10:18:25,012 [ERROR] LogOutputStream:75 - [STDERR_REDIRECT] [Fatal Error] :1:1: Premature end of file.
2026-02-10 10:18:25,012 [ERROR] LogOutputStream:75 - [STDERR_REDIRECT] 
2026-02-10 10:18:25,230 [ERROR] LogOutputStream:75 - [STDERR_REDIRECT] [Fatal Error] :1:1: Premature end of file.
2026-02-10 10:18:25,230 [ERROR] LogOutputStream:75 - [STDERR_REDIRECT] 
2026-02-10 10:18:25,462 [ERROR] LogOutputStream:75 - [STDERR_REDIRECT] [Fatal Error] :1:1: Premature end of file.
2026-02-10 10:18:25,462 [ERROR] LogOutputStream:75 - [STDERR_REDIRECT] 
2026-02-10 10:18:25,680 [ERROR] LogOutputStream:75 - [STDERR_REDIRECT] [Fatal Error] :1:1: Premature end of file.
2026-02-10 10:18:25,680 [ERROR] LogOutputStream:75 - [STDERR_REDIRECT] 
2026-02-10 10:18:25,936 [ERROR] LogOutputStream:75 - [STDERR_REDIRECT] [Fatal Error] :1:1: Premature end of file.
2026-02-10 10:18:25,936 [ERROR] LogOutputStream:75 - [STDERR_REDIRECT] 
2026-02-10 10:18:26,175 [ERROR] LogOutputStream:75 - [STDERR_REDIRECT] [Fatal Error] :1:1: Premature end of file.
2026-02-10 10:18:26,175 [ERROR] LogOutputStream:75 - [STDERR_REDIRECT] 
2026-02-10 10:18:26,372 [ERROR] LogOutputStream:75 - [STDERR_REDIRECT] [Fatal Error] :1:1: Premature end of file.
2026-02-10 10:18:26,373 [ERROR] LogOutputStream:75 - [STDERR_REDIRECT] 
2026-02-10 10:18:26,582 [ERROR] LogOutputStream:75 - [STDERR_REDIRECT] [Fatal Error] :1:1: Premature end of file.
2026-02-10 10:18:26,582 [ERROR] LogOutputStream:75 - [STDERR_REDIRECT] 
2026-02-10 10:18:26,827 [ERROR] LogOutputStream:75 - [STDERR_REDIRECT] [Fatal Error] :1:1: Premature end of file.
2026-02-10 10:18:26,828 [ERROR] LogOutputStream:75 - [STDERR_REDIRECT] 
2026-02-10 10:18:27,028 [ERROR] LogOutputStream:75 - [STDERR_REDIRECT] [Fatal Error] :1:1: Premature end of file.
2026-02-10 10:18:27,028 [ERROR] LogOutputStream:75 - [STDERR_REDIRECT] 
2026-02-10 10:18:27,226 [ERROR] LogOutputStream:75 - [STDERR_REDIRECT] [Fatal Error] :1:1: Premature end of file.
2026-02-10 10:18:27,226 [ERROR] LogOutputStream:75 - [STDERR_REDIRECT] 
2026-02-10 10:18:27,487 [ERROR] LogOutputStream:75 - [STDERR_REDIRECT] [Fatal Error] :1:1: Premature end of file.
2026-02-10 10:18:27,487 [ERROR] LogOutputStream:75 - [STDERR_REDIRECT] 
2026-02-10 10:18:27,718 [ERROR] LogOutputStream:75 - [STDERR_REDIRECT] [Fatal Error] :1:1: Premature end of file.
2026-02-10 10:18:27,718 [ERROR] LogOutputStream:75 - [STDERR_REDIRECT] 
2026-02-10 10:18:27,941 [ERROR] LogOutputStream:75 - [STDERR_REDIRECT] [Fatal Error] :1:1: Premature end of file.
2026-02-10 10:18:27,941 [ERROR] LogOutputStream:75 - [STDERR_REDIRECT] 
2026-02-10 10:18:28,173 [ERROR] LogOutputStream:75 - [STDERR_REDIRECT] [Fatal Error] :1:1: Premature end of file.
2026-02-10 10:18:28,173 [ERROR] LogOutputStream:75 - [STDERR_REDIRECT] 
2026-02-10 10:18:28,407 [ERROR] LogOutputStream:75 - [STDERR_REDIRECT] [Fatal Error] :1:1: Premature end of file.
2026-02-10 10:18:28,407 [ERROR] LogOutputStream:75 - [STDERR_REDIRECT] 
2026-02-10 10:18:28,604 [ERROR] LogOutputStream:75 - [STDERR_REDIRECT] [Fatal Error] :1:1: Premature end of file.
2026-02-10 10:18:28,604 [ERROR] LogOutputStream:75 - [STDERR_REDIRECT] 
2026-02-10 10:18:28,811 [ERROR] LogOutputStream:75 - [STDERR_REDIRECT] [Fatal Error] :1:1: Premature end of file.
2026-02-10 10:18:28,811 [ERROR] LogOutputStream:75 - [STDERR_REDIRECT] 
2026-02-10 10:18:29,071 [ERROR] LogOutputStream:75 - [STDERR_REDIRECT] [Fatal Error] :1:1: Premature end of file.
2026-02-10 10:18:29,071 [ERROR] LogOutputStream:75 - [STDERR_REDIRECT] 
2026-02-10 10:18:29,276 [ERROR] LogOutputStream:75 - [STDERR_REDIRECT] [Fatal Error] :1:1: Premature end of file.
2026-02-10 10:18:29,276 [ERROR] LogOutputStream:75 - [STDERR_REDIRECT] 
2026-02-10 10:18:29,474 [ERROR] LogOutputStream:75 - [STDERR_REDIRECT] [Fatal Error] :1:1: Premature end of file.
2026-02-10 10:18:29,475 [ERROR] LogOutputStream:75 - [STDERR_REDIRECT] 
2026-02-10 10:18:29,704 [ERROR] LogOutputStream:75 - [STDERR_REDIRECT] [Fatal Error] :1:1: Premature end of file.
2026-02-10 10:18:29,704 [ERROR] LogOutputStream:75 - [STDERR_REDIRECT] 
2026-02-10 10:18:29,903 [ERROR] LogOutputStream:75 - [STDERR_REDIRECT] [Fatal Error] :1:1: Premature end of file.
2026-02-10 10:18:29,904 [ERROR] LogOutputStream:75 - [STDERR_REDIRECT] 
2026-02-10 10:18:30,095 [ERROR] LogOutputStream:75 - [STDERR_REDIRECT] [Fatal Error] :1:1: Premature end of file.
2026-02-10 10:18:30,095 [ERROR] LogOutputStream:75 - [STDERR_REDIRECT] 
2026-02-10 10:18:30,274 [ERROR] LogOutputStream:75 - [STDERR_REDIRECT] [Fatal Error] :1:1: Premature end of file.
2026-02-10 10:18:30,274 [ERROR] LogOutputStream:75 - [STDERR_REDIRECT] 
2026-02-10 10:18:30,460 [ERROR] LogOutputStream:75 - [STDERR_REDIRECT] [Fatal Error] :1:1: Premature end of file.
2026-02-10 10:18:30,460 [ERROR] LogOutputStream:75 - [STDERR_REDIRECT] 
2026-02-10 10:18:30,657 [ERROR] LogOutputStream:75 - [STDERR_REDIRECT] [Fatal Error] :1:1: Premature end of file.
2026-02-10 10:18:30,657 [ERROR] LogOutputStream:75 - [STDERR_REDIRECT] 
2026-02-10 10:18:30,917 [ERROR] LogOutputStream:75 - [STDERR_REDIRECT] [Fatal Error] :1:1: Premature end of file.
2026-02-10 10:18:30,919 [ERROR] LogOutputStream:75 - [STDERR_REDIRECT] 
2026-02-10 10:18:31,121 [ERROR] LogOutputStream:75 - [STDERR_REDIRECT] [Fatal Error] :1:1: Premature end of file.
2026-02-10 10:18:31,121 [ERROR] LogOutputStream:75 - [STDERR_REDIRECT] 
2026-02-10 10:18:31,325 [ERROR] LogOutputStream:75 - [STDERR_REDIRECT] [Fatal Error] :1:1: Premature end of file.
2026-02-10 10:18:31,325 [ERROR] LogOutputStream:75 - [STDERR_REDIRECT] 
2026-02-10 10:18:31,516 [ERROR] LogOutputStream:75 - [STDERR_REDIRECT] [Fatal Error] :1:1: Premature end of file.
2026-02-10 10:18:31,516 [ERROR] LogOutputStream:75 - [STDERR_REDIRECT] 
2026-02-10 10:18:31,707 [ERROR] LogOutputStream:75 - [STDERR_REDIRECT] [Fatal Error] :1:1: Premature end of file.
2026-02-10 10:18:31,707 [ERROR] LogOutputStream:75 - [STDERR_REDIRECT] 
2026-02-10 10:18:31,899 [ERROR] LogOutputStream:75 - [STDERR_REDIRECT] [Fatal Error] :1:1: Premature end of file.
2026-02-10 10:18:31,899 [ERROR] LogOutputStream:75 - [STDERR_REDIRECT] 
2026-02-10 10:18:32,095 [ERROR] LogOutputStream:75 - [STDERR_REDIRECT] [Fatal Error] :1:1: Premature end of file.
2026-02-10 10:18:32,097 [ERROR] LogOutputStream:75 - [STDERR_REDIRECT] 
2026-02-10 10:18:32,301 [ERROR] LogOutputStream:75 - [STDERR_REDIRECT] [Fatal Error] :1:1: Premature end of file.
2026-02-10 10:18:32,301 [ERROR] LogOutputStream:75 - [STDERR_REDIRECT] 
2026-02-10 10:18:32,534 [ERROR] LogOutputStream:75 - [STDERR_REDIRECT] [Fatal Error] :1:1: Premature end of file.
2026-02-10 10:18:32,534 [ERROR] LogOutputStream:75 - [STDERR_REDIRECT] 
2026-02-10 10:18:32,818 [ERROR] LogOutputStream:75 - [STDERR_REDIRECT] [Fatal Error] :1:1: Premature end of file.
2026-02-10 10:18:32,818 [ERROR] LogOutputStream:75 - [STDERR_REDIRECT] 
2026-02-10 10:18:33,102 [ERROR] LogOutputStream:75 - [STDERR_REDIRECT] [Fatal Error] :1:1: Premature end of file.
2026-02-10 10:18:33,102 [ERROR] LogOutputStream:75 - [STDERR_REDIRECT] 
2026-02-10 10:18:33,337 [ERROR] LogOutputStream:75 - [STDERR_REDIRECT] [Fatal Error] :1:1: Premature end of file.
2026-02-10 10:18:33,337 [ERROR] LogOutputStream:75 - [STDERR_REDIRECT] 
2026-02-10 10:18:33,590 [ERROR] LogOutputStream:75 - [STDERR_REDIRECT] [Fatal Error] :1:1: Premature end of file.
2026-02-10 10:18:33,590 [ERROR] LogOutputStream:75 - [STDERR_REDIRECT] 
2026-02-10 10:18:33,885 [ERROR] LogOutputStream:75 - [STDERR_REDIRECT] [Fatal Error] :1:1: Premature end of file.
2026-02-10 10:18:33,885 [ERROR] LogOutputStream:75 - [STDERR_REDIRECT] 
2026-02-10 10:18:34,090 [ERROR] LogOutputStream:75 - [STDERR_REDIRECT] [Fatal Error] :1:1: Premature end of file.
2026-02-10 10:18:34,090 [ERROR] LogOutputStream:75 - [STDERR_REDIRECT] 
2026-02-10 10:18:34,269 [ERROR] LogOutputStream:75 - [STDERR_REDIRECT] [Fatal Error] :1:1: Premature end of file.
2026-02-10 10:18:34,269 [ERROR] LogOutputStream:75 - [STDERR_REDIRECT] 
2026-02-10 10:18:34,464 [ERROR] LogOutputStream:75 - [STDERR_REDIRECT] [Fatal Error] :1:1: Premature end of file.
2026-02-10 10:18:34,464 [ERROR] LogOutputStream:75 - [STDERR_REDIRECT] 
2026-02-10 10:18:34,657 [ERROR] LogOutputStream:75 - [STDERR_REDIRECT] [Fatal Error] :1:1: Premature end of file.
2026-02-10 10:18:34,657 [ERROR] LogOutputStream:75 - [STDERR_REDIRECT] 
2026-02-10 10:18:34,861 [ERROR] LogOutputStream:75 - [STDERR_REDIRECT] [Fatal Error] :1:1: Premature end of file.
2026-02-10 10:18:34,861 [ERROR] LogOutputStream:75 - [STDERR_REDIRECT] 
2026-02-10 10:18:35,069 [ERROR] LogOutputStream:75 - [STDERR_REDIRECT] [Fatal Error] :1:1: Premature end of file.
2026-02-10 10:18:35,069 [ERROR] LogOutputStream:75 - [STDERR_REDIRECT] 
2026-02-10 10:18:35,246 [ERROR] LogOutputStream:75 - [STDERR_REDIRECT] [Fatal Error] :1:1: Premature end of file.
2026-02-10 10:18:35,246 [ERROR] LogOutputStream:75 - [STDERR_REDIRECT] 
2026-02-10 10:18:35,446 [ERROR] LogOutputStream:75 - [STDERR_REDIRECT] [Fatal Error] :1:1: Premature end of file.
2026-02-10 10:18:35,446 [ERROR] LogOutputStream:75 - [STDERR_REDIRECT] 
2026-02-10 10:18:35,615 [ERROR] LogOutputStream:75 - [STDERR_REDIRECT] [Fatal Error] :1:1: Premature end of file.
2026-02-10 10:18:35,615 [ERROR] LogOutputStream:75 - [STDERR_REDIRECT] 
2026-02-10 10:18:35,780 [ERROR] LogOutputStream:75 - [STDERR_REDIRECT] [Fatal Error] :1:1: Premature end of file.
2026-02-10 10:18:35,780 [ERROR] LogOutputStream:75 - [STDERR_REDIRECT] 
2026-02-10 10:18:35,961 [ERROR] LogOutputStream:75 - [STDERR_REDIRECT] [Fatal Error] :1:1: Premature end of file.
2026-02-10 10:18:35,961 [ERROR] LogOutputStream:75 - [STDERR_REDIRECT] 
2026-02-10 10:18:36,339 [ERROR] LogOutputStream:75 - [STDERR_REDIRECT] [Fatal Error] :1:1: Premature end of file.
2026-02-10 10:18:36,339 [ERROR] LogOutputStream:75 - [STDERR_REDIRECT] 
2026-02-10 10:18:36,617 [ERROR] LogOutputStream:75 - [STDERR_REDIRECT] [Fatal Error] :1:1: Premature end of file.
2026-02-10 10:18:36,617 [ERROR] LogOutputStream:75 - [STDERR_REDIRECT] 
2026-02-10 10:18:36,808 [ERROR] LogOutputStream:75 - [STDERR_REDIRECT] [Fatal Error] :1:1: Premature end of file.
2026-02-10 10:18:36,808 [ERROR] LogOutputStream:75 - [STDERR_REDIRECT] 
2026-02-10 10:18:37,129 [ERROR] LogOutputStream:75 - [STDERR_REDIRECT] [Fatal Error] :1:1: Premature end of file.
2026-02-10 10:18:37,129 [ERROR] LogOutputStream:75 - [STDERR_REDIRECT] 
2026-02-10 10:18:37,436 [ERROR] LogOutputStream:75 - [STDERR_REDIRECT] [Fatal Error] :1:1: Premature end of file.
2026-02-10 10:18:37,436 [ERROR] LogOutputStream:75 - [STDERR_REDIRECT] 
2026-02-10 10:18:37,611 [ERROR] LogOutputStream:75 - [STDERR_REDIRECT] [Fatal Error] :1:1: Premature end of file.
2026-02-10 10:18:37,611 [ERROR] LogOutputStream:75 - [STDERR_REDIRECT] 
2026-02-10 10:18:37,813 [ERROR] LogOutputStream:75 - [STDERR_REDIRECT] [Fatal Error] :1:1: Premature end of file.
2026-02-10 10:18:37,815 [ERROR] LogOutputStream:75 - [STDERR_REDIRECT] 
2026-02-10 10:18:38,039 [ERROR] LogOutputStream:75 - [STDERR_REDIRECT] [Fatal Error] :1:1: Premature end of file.
2026-02-10 10:18:38,039 [ERROR] LogOutputStream:75 - [STDERR_REDIRECT] 
2026-02-10 10:18:38,267 [ERROR] LogOutputStream:75 - [STDERR_REDIRECT] [Fatal Error] :1:1: Premature end of file.
2026-02-10 10:18:38,267 [ERROR] LogOutputStream:75 - [STDERR_REDIRECT] 
2026-02-10 10:18:38,449 [ERROR] LogOutputStream:75 - [STDERR_REDIRECT] [Fatal Error] :1:1: Premature end of file.
2026-02-10 10:18:38,449 [ERROR] LogOutputStream:75 - [STDERR_REDIRECT] 
2026-02-10 10:18:38,641 [ERROR] LogOutputStream:75 - [STDERR_REDIRECT] [Fatal Error] :1:1: Premature end of file.
2026-02-10 10:18:38,641 [ERROR] LogOutputStream:75 - [STDERR_REDIRECT] 
2026-02-10 10:18:38,844 [ERROR] LogOutputStream:75 - [STDERR_REDIRECT] [Fatal Error] :1:1: Premature end of file.
2026-02-10 10:18:38,844 [ERROR] LogOutputStream:75 - [STDERR_REDIRECT] 
2026-02-10 10:18:39,042 [ERROR] LogOutputStream:75 - [STDERR_REDIRECT] [Fatal Error] :1:1: Premature end of file.
2026-02-10 10:18:39,044 [ERROR] LogOutputStream:75 - [STDERR_REDIRECT] 
2026-02-10 10:18:39,244 [ERROR] LogOutputStream:75 - [STDERR_REDIRECT] [Fatal Error] :1:1: Premature end of file.
2026-02-10 10:18:39,244 [ERROR] LogOutputStream:75 - [STDERR_REDIRECT] 
2026-02-10 10:18:39,420 [ERROR] LogOutputStream:75 - [STDERR_REDIRECT] [Fatal Error] :1:1: Premature end of file.
2026-02-10 10:18:39,420 [ERROR] LogOutputStream:75 - [STDERR_REDIRECT] 
2026-02-10 10:18:39,611 [ERROR] LogOutputStream:75 - [STDERR_REDIRECT] [Fatal Error] :1:1: Premature end of file.
2026-02-10 10:18:39,611 [ERROR] LogOutputStream:75 - [STDERR_REDIRECT] 
2026-02-10 10:18:39,878 [ERROR] LogOutputStream:75 - [STDERR_REDIRECT] [Fatal Error] :1:1: Premature end of file.
2026-02-10 10:18:39,878 [ERROR] LogOutputStream:75 - [STDERR_REDIRECT] 
2026-02-10 10:18:40,107 [ERROR] LogOutputStream:75 - [STDERR_REDIRECT] [Fatal Error] :1:1: Premature end of file.
2026-02-10 10:18:40,107 [ERROR] LogOutputStream:75 - [STDERR_REDIRECT] 
2026-02-10 10:18:40,359 [ERROR] LogOutputStream:75 - [STDERR_REDIRECT] [Fatal Error] :1:1: Premature end of file.
2026-02-10 10:18:40,359 [ERROR] LogOutputStream:75 - [STDERR_REDIRECT] 
2026-02-10 10:18:40,573 [ERROR] LogOutputStream:75 - [STDERR_REDIRECT] [Fatal Error] :1:1: Premature end of file.
2026-02-10 10:18:40,573 [ERROR] LogOutputStream:75 - [STDERR_REDIRECT] 
2026-02-10 10:18:40,777 [ERROR] LogOutputStream:75 - [STDERR_REDIRECT] [Fatal Error] :1:1: Premature end of file.
2026-02-10 10:18:40,777 [ERROR] LogOutputStream:75 - [STDERR_REDIRECT] 
2026-02-10 10:18:41,108 [ERROR] LogOutputStream:75 - [STDERR_REDIRECT] [Fatal Error] :1:1: Premature end of file.
2026-02-10 10:18:41,108 [ERROR] LogOutputStream:75 - [STDERR_REDIRECT] 
2026-02-10 10:18:41,493 [ERROR] LogOutputStream:75 - [STDERR_REDIRECT] [Fatal Error] :1:1: Premature end of file.
2026-02-10 10:18:41,493 [ERROR] LogOutputStream:75 - [STDERR_REDIRECT] 
2026-02-10 10:18:41,674 [ERROR] LogOutputStream:75 - [STDERR_REDIRECT] [Fatal Error] :1:1: Premature end of file.
2026-02-10 10:18:41,674 [ERROR] LogOutputStream:75 - [STDERR_REDIRECT] 
2026-02-10 10:18:41,913 [ERROR] LogOutputStream:75 - [STDERR_REDIRECT] [Fatal Error] :1:1: Premature end of file.
2026-02-10 10:18:41,913 [ERROR] LogOutputStream:75 - [STDERR_REDIRECT] 
2026-02-10 10:18:42,280 [ERROR] LogOutputStream:75 - [STDERR_REDIRECT] [Fatal Error] :1:1: Premature end of file.
2026-02-10 10:18:42,280 [ERROR] LogOutputStream:75 - [STDERR_REDIRECT] 
2026-02-10 10:18:42,480 [ERROR] LogOutputStream:75 - [STDERR_REDIRECT] [Fatal Error] :1:1: Premature end of file.
2026-02-10 10:18:42,480 [ERROR] LogOutputStream:75 - [STDERR_REDIRECT] 
2026-02-10 10:18:42,669 [ERROR] LogOutputStream:75 - [STDERR_REDIRECT] [Fatal Error] :1:1: Premature end of file.
2026-02-10 10:18:42,669 [ERROR] LogOutputStream:75 - [STDERR_REDIRECT] 
2026-02-10 10:18:42,877 [ERROR] LogOutputStream:75 - [STDERR_REDIRECT] [Fatal Error] :1:1: Premature end of file.
2026-02-10 10:18:42,877 [ERROR] LogOutputStream:75 - [STDERR_REDIRECT] 
2026-02-10 10:18:43,067 [ERROR] LogOutputStream:75 - [STDERR_REDIRECT] [Fatal Error] :1:1: Premature end of file.
2026-02-10 10:18:43,067 [ERROR] LogOutputStream:75 - [STDERR_REDIRECT] 
2026-02-10 10:18:43,257 [ERROR] LogOutputStream:75 - [STDERR_REDIRECT] [Fatal Error] :1:1: Premature end of file.
2026-02-10 10:18:43,257 [ERROR] LogOutputStream:75 - [STDERR_REDIRECT] 
2026-02-10 10:18:43,449 [ERROR] LogOutputStream:75 - [STDERR_REDIRECT] [Fatal Error] :1:1: Premature end of file.
2026-02-10 10:18:43,449 [ERROR] LogOutputStream:75 - [STDERR_REDIRECT] 
2026-02-10 10:18:43,633 [ERROR] LogOutputStream:75 - [STDERR_REDIRECT] [Fatal Error] :1:1: Premature end of file.
2026-02-10 10:18:43,633 [ERROR] LogOutputStream:75 - [STDERR_REDIRECT] 
2026-02-10 10:18:43,807 [ERROR] LogOutputStream:75 - [STDERR_REDIRECT] [Fatal Error] :1:1: Premature end of file.
2026-02-10 10:18:43,807 [ERROR] LogOutputStream:75 - [STDERR_REDIRECT] 
2026-02-10 10:18:44,006 [ERROR] LogOutputStream:75 - [STDERR_REDIRECT] [Fatal Error] :1:1: Premature end of file.
2026-02-10 10:18:44,006 [ERROR] LogOutputStream:75 - [STDERR_REDIRECT] 
2026-02-10 10:18:44,187 [ERROR] LogOutputStream:75 - [STDERR_REDIRECT] [Fatal Error] :1:1: Premature end of file.
2026-02-10 10:18:44,187 [ERROR] LogOutputStream:75 - [STDERR_REDIRECT] 
2026-02-10 10:18:44,368 [ERROR] LogOutputStream:75 - [STDERR_REDIRECT] [Fatal Error] :1:1: Premature end of file.
2026-02-10 10:18:44,368 [ERROR] LogOutputStream:75 - [STDERR_REDIRECT] 
2026-02-10 10:18:44,549 [ERROR] LogOutputStream:75 - [STDERR_REDIRECT] [Fatal Error] :1:1: Premature end of file.
2026-02-10 10:18:44,549 [ERROR] LogOutputStream:75 - [STDERR_REDIRECT] 
2026-02-10 10:18:44,729 [ERROR] LogOutputStream:75 - [STDERR_REDIRECT] [Fatal Error] :1:1: Premature end of file.
2026-02-10 10:18:44,729 [ERROR] LogOutputStream:75 - [STDERR_REDIRECT] 
2026-02-10 10:18:44,923 [ERROR] LogOutputStream:75 - [STDERR_REDIRECT] [Fatal Error] :1:1: Premature end of file.
2026-02-10 10:18:44,923 [ERROR] LogOutputStream:75 - [STDERR_REDIRECT] 
2026-02-10 10:18:45,112 [ERROR] LogOutputStream:75 - [STDERR_REDIRECT] [Fatal Error] :1:1: Premature end of file.
2026-02-10 10:18:45,112 [ERROR] LogOutputStream:75 - [STDERR_REDIRECT] 
2026-02-10 10:18:45,294 [ERROR] LogOutputStream:75 - [STDERR_REDIRECT] [Fatal Error] :1:1: Premature end of file.
2026-02-10 10:18:45,294 [ERROR] LogOutputStream:75 - [STDERR_REDIRECT] 
2026-02-10 10:18:45,477 [ERROR] LogOutputStream:75 - [STDERR_REDIRECT] [Fatal Error] :1:1: Premature end of file.
2026-02-10 10:18:45,477 [ERROR] LogOutputStream:75 - [STDERR_REDIRECT] 
2026-02-10 10:18:45,668 [ERROR] LogOutputStream:75 - [STDERR_REDIRECT] [Fatal Error] :1:1: Premature end of file.
2026-02-10 10:18:45,670 [ERROR] LogOutputStream:75 - [STDERR_REDIRECT] 
2026-02-10 10:18:45,869 [ERROR] LogOutputStream:75 - [STDERR_REDIRECT] [Fatal Error] :1:1: Premature end of file.
2026-02-10 10:18:45,869 [ERROR] LogOutputStream:75 - [STDERR_REDIRECT] 
2026-02-10 10:18:46,054 [ERROR] LogOutputStream:75 - [STDERR_REDIRECT] [Fatal Error] :1:1: Premature end of file.
2026-02-10 10:18:46,054 [ERROR] LogOutputStream:75 - [STDERR_REDIRECT] 
2026-02-10 10:18:46,267 [ERROR] LogOutputStream:75 - [STDERR_REDIRECT] [Fatal Error] :1:1: Premature end of file.
2026-02-10 10:18:46,267 [ERROR] LogOutputStream:75 - [STDERR_REDIRECT] 
2026-02-10 10:18:46,473 [ERROR] LogOutputStream:75 - [STDERR_REDIRECT] [Fatal Error] :1:1: Premature end of file.
2026-02-10 10:18:46,473 [ERROR] LogOutputStream:75 - [STDERR_REDIRECT] 
2026-02-10 10:18:46,676 [ERROR] LogOutputStream:75 - [STDERR_REDIRECT] [Fatal Error] :1:1: Premature end of file.
2026-02-10 10:18:46,676 [ERROR] LogOutputStream:75 - [STDERR_REDIRECT] 
2026-02-10 10:18:46,891 [ERROR] LogOutputStream:75 - [STDERR_REDIRECT] [Fatal Error] :1:1: Premature end of file.
2026-02-10 10:18:46,891 [ERROR] LogOutputStream:75 - [STDERR_REDIRECT] 
2026-02-10 10:18:47,092 [ERROR] LogOutputStream:75 - [STDERR_REDIRECT] [Fatal Error] :1:1: Premature end of file.
2026-02-10 10:18:47,092 [ERROR] LogOutputStream:75 - [STDERR_REDIRECT] 
2026-02-10 10:18:47,283 [ERROR] LogOutputStream:75 - [STDERR_REDIRECT] [Fatal Error] :1:1: Premature end of file.
2026-02-10 10:18:47,283 [ERROR] LogOutputStream:75 - [STDERR_REDIRECT] 
2026-02-10 10:18:47,494 [ERROR] LogOutputStream:75 - [STDERR_REDIRECT] [Fatal Error] :1:1: Premature end of file.
2026-02-10 10:18:47,494 [ERROR] LogOutputStream:75 - [STDERR_REDIRECT] 
2026-02-10 10:18:47,689 [ERROR] LogOutputStream:75 - [STDERR_REDIRECT] [Fatal Error] :1:1: Premature end of file.
2026-02-10 10:18:47,689 [ERROR] LogOutputStream:75 - [STDERR_REDIRECT] 
2026-02-10 10:18:47,873 [ERROR] LogOutputStream:75 - [STDERR_REDIRECT] [Fatal Error] :1:1: Premature end of file.
2026-02-10 10:18:47,874 [ERROR] LogOutputStream:75 - [STDERR_REDIRECT] 
2026-02-10 10:18:48,062 [ERROR] LogOutputStream:75 - [STDERR_REDIRECT] [Fatal Error] :1:1: Premature end of file.
2026-02-10 10:18:48,062 [ERROR] LogOutputStream:75 - [STDERR_REDIRECT] 
2026-02-10 10:18:48,245 [ERROR] LogOutputStream:75 - [STDERR_REDIRECT] [Fatal Error] :1:1: Premature end of file.
2026-02-10 10:18:48,245 [ERROR] LogOutputStream:75 - [STDERR_REDIRECT] 
2026-02-10 10:18:48,440 [ERROR] LogOutputStream:75 - [STDERR_REDIRECT] [Fatal Error] :1:1: Premature end of file.
2026-02-10 10:18:48,440 [ERROR] LogOutputStream:75 - [STDERR_REDIRECT] 
2026-02-10 10:18:48,648 [ERROR] LogOutputStream:75 - [STDERR_REDIRECT] [Fatal Error] :1:1: Premature end of file.
2026-02-10 10:18:48,648 [ERROR] LogOutputStream:75 - [STDERR_REDIRECT] 
2026-02-10 10:18:48,847 [ERROR] LogOutputStream:75 - [STDERR_REDIRECT] [Fatal Error] :1:1: Premature end of file.
2026-02-10 10:18:48,847 [ERROR] LogOutputStream:75 - [STDERR_REDIRECT] 
2026-02-10 10:18:49,065 [ERROR] LogOutputStream:75 - [STDERR_REDIRECT] [Fatal Error] :1:1: Premature end of file.
2026-02-10 10:18:49,065 [ERROR] LogOutputStream:75 - [STDERR_REDIRECT] 
2026-02-10 10:18:49,259 [ERROR] LogOutputStream:75 - [STDERR_REDIRECT] [Fatal Error] :1:1: Premature end of file.
2026-02-10 10:18:49,259 [ERROR] LogOutputStream:75 - [STDERR_REDIRECT] 
2026-02-10 10:18:49,474 [ERROR] LogOutputStream:75 - [STDERR_REDIRECT] [Fatal Error] :1:1: Premature end of file.
2026-02-10 10:18:49,474 [ERROR] LogOutputStream:75 - [STDERR_REDIRECT] 
2026-02-10 10:18:49,565 [INFO] WebApp:191 - Connection restablished
2026-02-10 10:18:49,807 [ERROR] LogOutputStream:75 - [STDERR_REDIRECT] [Fatal Error] :1:1: Premature end of file.
2026-02-10 10:18:49,809 [ERROR] LogOutputStream:75 - [STDERR_REDIRECT] 
2026-02-10 10:18:50,216 [ERROR] LogOutputStream:75 - [STDERR_REDIRECT] [Fatal Error] :1:1: Premature end of file.
2026-02-10 10:18:50,216 [ERROR] LogOutputStream:75 - [STDERR_REDIRECT] 
2026-02-10 10:18:50,535 [ERROR] LogOutputStream:75 - [STDERR_REDIRECT] [Fatal Error] :1:1: Premature end of file.
2026-02-10 10:18:50,535 [ERROR] LogOutputStream:75 - [STDERR_REDIRECT] 
2026-02-10 10:18:50,761 [ERROR] LogOutputStream:75 - [STDERR_REDIRECT] [Fatal Error] :1:1: Premature end of file.
2026-02-10 10:18:50,761 [ERROR] LogOutputStream:75 - [STDERR_REDIRECT] 
2026-02-10 10:18:51,082 [ERROR] LogOutputStream:75 - [STDERR_REDIRECT] [Fatal Error] :1:1: Premature end of file.
2026-02-10 10:18:51,083 [ERROR] LogOutputStream:75 - [STDERR_REDIRECT] 
2026-02-10 10:18:51,343 [ERROR] LogOutputStream:75 - [STDERR_REDIRECT] [Fatal Error] :1:1: Premature end of file.
2026-02-10 10:18:51,343 [ERROR] LogOutputStream:75 - [STDERR_REDIRECT] 
2026-02-10 10:18:51,589 [ERROR] LogOutputStream:75 - [STDERR_REDIRECT] [Fatal Error] :1:1: Premature end of file.
2026-02-10 10:18:51,590 [ERROR] LogOutputStream:75 - [STDERR_REDIRECT] 
2026-02-10 10:18:52,135 [ERROR] LogOutputStream:75 - [STDERR_REDIRECT] [Fatal Error] :1:1: Premature end of file.
2026-02-10 10:18:52,135 [ERROR] LogOutputStream:75 - [STDERR_REDIRECT] 
2026-02-10 10:18:52,633 [ERROR] LogOutputStream:75 - [STDERR_REDIRECT] [Fatal Error] :1:1: Premature end of file.
2026-02-10 10:18:52,633 [ERROR] LogOutputStream:75 - [STDERR_REDIRECT] 
2026-02-10 10:18:53,066 [ERROR] LogOutputStream:75 - [STDERR_REDIRECT] [Fatal Error] :1:1: Premature end of file.
2026-02-10 10:18:53,066 [ERROR] LogOutputStream:75 - [STDERR_REDIRECT] 
2026-02-10 10:18:53,358 [ERROR] LogOutputStream:75 - [STDERR_REDIRECT] [Fatal Error] :1:1: Premature end of file.
2026-02-10 10:18:53,360 [ERROR] LogOutputStream:75 - [STDERR_REDIRECT] 
2026-02-10 10:18:53,670 [ERROR] LogOutputStream:75 - [STDERR_REDIRECT] [Fatal Error] :1:1: Premature end of file.
2026-02-10 10:18:53,670 [ERROR] LogOutputStream:75 - [STDERR_REDIRECT] 
2026-02-10 10:18:53,897 [ERROR] LogOutputStream:75 - [STDERR_REDIRECT] [Fatal Error] :1:1: Premature end of file.
2026-02-10 10:18:53,897 [ERROR] LogOutputStream:75 - [STDERR_REDIRECT] 
2026-02-10 10:18:54,213 [ERROR] LogOutputStream:75 - [STDERR_REDIRECT] [Fatal Error] :1:1: Premature end of file.
2026-02-10 10:18:54,213 [ERROR] LogOutputStream:75 - [STDERR_REDIRECT] 
2026-02-10 10:18:54,472 [ERROR] LogOutputStream:75 - [STDERR_REDIRECT] [Fatal Error] :1:1: Premature end of file.
2026-02-10 10:18:54,472 [ERROR] LogOutputStream:75 - [STDERR_REDIRECT] 
2026-02-10 10:18:54,824 [ERROR] LogOutputStream:75 - [STDERR_REDIRECT] [Fatal Error] :1:1: Premature end of file.
2026-02-10 10:18:54,824 [ERROR] LogOutputStream:75 - [STDERR_REDIRECT] 
2026-02-10 10:18:55,187 [ERROR] LogOutputStream:75 - [STDERR_REDIRECT] [Fatal Error] :1:1: Premature end of file.
2026-02-10 10:18:55,188 [ERROR] LogOutputStream:75 - [STDERR_REDIRECT] 
2026-02-10 10:18:55,407 [ERROR] LogOutputStream:75 - [STDERR_REDIRECT] [Fatal Error] :1:1: Premature end of file.
2026-02-10 10:18:55,408 [ERROR] LogOutputStream:75 - [STDERR_REDIRECT] 
2026-02-10 10:18:55,646 [ERROR] LogOutputStream:75 - [STDERR_REDIRECT] [Fatal Error] :1:1: Premature end of file.
2026-02-10 10:18:55,646 [ERROR] LogOutputStream:75 - [STDERR_REDIRECT] 
2026-02-10 10:18:55,866 [ERROR] LogOutputStream:75 - [STDERR_REDIRECT] [Fatal Error] :1:1: Premature end of file.
2026-02-10 10:18:55,866 [ERROR] LogOutputStream:75 - [STDERR_REDIRECT] 
2026-02-10 10:18:56,077 [ERROR] LogOutputStream:75 - [STDERR_REDIRECT] [Fatal Error] :1:1: Premature end of file.
2026-02-10 10:18:56,077 [ERROR] LogOutputStream:75 - [STDERR_REDIRECT] 
2026-02-10 10:18:56,281 [ERROR] LogOutputStream:75 - [STDERR_REDIRECT] [Fatal Error] :1:1: Premature end of file.
2026-02-10 10:18:56,282 [ERROR] LogOutputStream:75 - [STDERR_REDIRECT] 
2026-02-10 10:18:56,520 [ERROR] LogOutputStream:75 - [STDERR_REDIRECT] [Fatal Error] :1:1: Premature end of file.
2026-02-10 10:18:56,521 [ERROR] LogOutputStream:75 - [STDERR_REDIRECT] 
2026-02-10 10:18:56,729 [ERROR] LogOutputStream:75 - [STDERR_REDIRECT] [Fatal Error] :1:1: Premature end of file.
2026-02-10 10:18:56,730 [ERROR] LogOutputStream:75 - [STDERR_REDIRECT] 
2026-02-10 10:18:56,910 [ERROR] LogOutputStream:75 - [STDERR_REDIRECT] [Fatal Error] :1:1: Premature end of file.
2026-02-10 10:18:56,910 [ERROR] LogOutputStream:75 - [STDERR_REDIRECT] 
2026-02-10 10:18:57,113 [ERROR] LogOutputStream:75 - [STDERR_REDIRECT] [Fatal Error] :1:1: Premature end of file.
2026-02-10 10:18:57,113 [ERROR] LogOutputStream:75 - [STDERR_REDIRECT] 
2026-02-10 10:18:57,308 [ERROR] LogOutputStream:75 - [STDERR_REDIRECT] [Fatal Error] :1:1: Premature end of file.
2026-02-10 10:18:57,308 [ERROR] LogOutputStream:75 - [STDERR_REDIRECT] 
2026-02-10 10:18:57,507 [ERROR] LogOutputStream:75 - [STDERR_REDIRECT] [Fatal Error] :1:1: Premature end of file.
2026-02-10 10:18:57,508 [ERROR] LogOutputStream:75 - [STDERR_REDIRECT] 
2026-02-10 10:18:58,245 [ERROR] LogOutputStream:75 - [STDERR_REDIRECT] [Fatal Error] :1:1: Premature end of file.
2026-02-10 10:18:58,245 [ERROR] LogOutputStream:75 - [STDERR_REDIRECT] 
2026-02-10 10:18:58,444 [ERROR] LogOutputStream:75 - [STDERR_REDIRECT] [Fatal Error] :1:1: Premature end of file.
2026-02-10 10:18:58,444 [ERROR] LogOutputStream:75 - [STDERR_REDIRECT] 
2026-02-10 10:18:58,648 [ERROR] LogOutputStream:75 - [STDERR_REDIRECT] [Fatal Error] :1:1: Premature end of file.
2026-02-10 10:18:58,648 [ERROR] LogOutputStream:75 - [STDERR_REDIRECT] 
2026-02-10 10:18:58,816 [ERROR] LogOutputStream:75 - [STDERR_REDIRECT] [Fatal Error] :1:1: Premature end of file.
2026-02-10 10:18:58,816 [ERROR] LogOutputStream:75 - [STDERR_REDIRECT] 
2026-02-10 10:18:59,015 [ERROR] LogOutputStream:75 - [STDERR_REDIRECT] [Fatal Error] :1:1: Premature end of file.
2026-02-10 10:18:59,016 [ERROR] LogOutputStream:75 - [STDERR_REDIRECT] 
2026-02-10 10:18:59,210 [ERROR] LogOutputStream:75 - [STDERR_REDIRECT] [Fatal Error] :1:1: Premature end of file.
2026-02-10 10:18:59,210 [ERROR] LogOutputStream:75 - [STDERR_REDIRECT] 
2026-02-10 10:18:59,450 [ERROR] LogOutputStream:75 - [STDERR_REDIRECT] [Fatal Error] :1:1: Premature end of file.
2026-02-10 10:18:59,450 [ERROR] LogOutputStream:75 - [STDERR_REDIRECT] 
2026-02-10 10:18:59,630 [ERROR] LogOutputStream:75 - [STDERR_REDIRECT] [Fatal Error] :1:1: Premature end of file.
2026-02-10 10:18:59,630 [ERROR] LogOutputStream:75 - [STDERR_REDIRECT] 
2026-02-10 10:18:59,829 [ERROR] LogOutputStream:75 - [STDERR_REDIRECT] [Fatal Error] :1:1: Premature end of file.
2026-02-10 10:18:59,829 [ERROR] LogOutputStream:75 - [STDERR_REDIRECT] 
2026-02-10 10:19:00,098 [ERROR] LogOutputStream:75 - [STDERR_REDIRECT] [Fatal Error] :1:1: Premature end of file.
2026-02-10 10:19:00,098 [ERROR] LogOutputStream:75 - [STDERR_REDIRECT] 
2026-02-10 10:19:00,318 [ERROR] LogOutputStream:75 - [STDERR_REDIRECT] [Fatal Error] :1:1: Premature end of file.
2026-02-10 10:19:00,321 [ERROR] LogOutputStream:75 - [STDERR_REDIRECT] 
2026-02-10 10:19:00,567 [ERROR] LogOutputStream:75 - [STDERR_REDIRECT] [Fatal Error] :1:1: Premature end of file.
2026-02-10 10:19:00,567 [ERROR] LogOutputStream:75 - [STDERR_REDIRECT] 
2026-02-10 10:19:00,905 [ERROR] LogOutputStream:75 - [STDERR_REDIRECT] [Fatal Error] :1:1: Premature end of file.
2026-02-10 10:19:00,905 [ERROR] LogOutputStream:75 - [STDERR_REDIRECT] 
2026-02-10 10:19:01,221 [ERROR] LogOutputStream:75 - [STDERR_REDIRECT] [Fatal Error] :1:1: Premature end of file.
2026-02-10 10:19:01,221 [ERROR] LogOutputStream:75 - [STDERR_REDIRECT] 
2026-02-10 10:19:01,442 [ERROR] LogOutputStream:75 - [STDERR_REDIRECT] [Fatal Error] :1:1: Premature end of file.
2026-02-10 10:19:01,443 [ERROR] LogOutputStream:75 - [STDERR_REDIRECT] 
2026-02-10 10:19:01,450 [ERROR] LogOutputStream:75 - [STDERR_REDIRECT] Exception in thread "Serial Ports Filter" java.lang.NullPointerException: Cannot invoke "org.eclipse.core.resources.ResourcesPlugin.getLog()" because the return value of "org.eclipse.core.resources.ResourcesPlugin.getPlugin()" is null
2026-02-10 10:19:01,451 [ERROR] LogOutputStream:75 - [STDERR_REDIRECT] 	at com.st.stm32cube.common.logger.MCULoggerPlugin.log(MCULoggerPlugin.java:84)
2026-02-10 10:19:01,452 [ERROR] LogOutputStream:75 - [STDERR_REDIRECT] 	at com.st.stm32cube.common.logger.MCULoggerPlugin.logException(MCULoggerPlugin.java:116)
2026-02-10 10:19:01,454 [ERROR] LogOutputStream:75 - [STDERR_REDIRECT] 	at com.st.stm32cube.ide.mpu.remote.serial.internal.SerialPortProviderWindows.run(SerialPortProviderWindows.java:156)
2026-02-10 10:19:01,455 [ERROR] LogOutputStream:75 - [STDERR_REDIRECT] 	at java.base/java.util.TimerThread.mainLoop(Timer.java:566)
2026-02-10 10:19:01,456 [ERROR] LogOutputStream:75 - [STDERR_REDIRECT] 	at java.base/java.util.TimerThread.run(Timer.java:516)
2026-02-10 10:19:01,528 [ERROR] LogOutputStream:75 - [STDERR_REDIRECT] 
